<?xml version="1.0" encoding="UTF-8" ?>
<testsuite tests="8" failures="0" name="com.sqli.workshop.ddd.connaissance.client.domain.service.ConnaissanceClientServiceImplTest" time="2.562" errors="0" skipped="0">
  <properties>
    <property name="java.runtime.name" value="OpenJDK Runtime Environment"/>
    <property name="java.vm.version" value="11.0.13+8-Ubuntu-0ubuntu1.20.04"/>
    <property name="sun.boot.library.path" value="/usr/lib/jvm/java-11-openjdk-amd64/lib"/>
    <property name="maven.multiModuleProjectDirectory" value="/home/pbousquet/Workspace/SQLI/Repositories/ws_ddd/demo/connaissance-client"/>
    <property name="java.vm.vendor" value="Ubuntu"/>
    <property name="java.vendor.url" value="https://ubuntu.com/"/>
    <property name="guice.disable.misplaced.annotation.check" value="true"/>
    <property name="path.separator" value=":"/>
    <property name="java.vm.name" value="OpenJDK 64-Bit Server VM"/>
    <property name="sun.os.patch.level" value="unknown"/>
    <property name="user.country" value="US"/>
    <property name="sun.java.launcher" value="SUN_STANDARD"/>
    <property name="java.vm.specification.name" value="Java Virtual Machine Specification"/>
    <property name="user.dir" value="/home/pbousquet/Workspace/SQLI/Repositories/ws_ddd/demo/connaissance-client"/>
    <property name="java.vm.compressedOopsMode" value="Zero based"/>
    <property name="java.runtime.version" value="11.0.13+8-Ubuntu-0ubuntu1.20.04"/>
    <property name="java.awt.graphicsenv" value="sun.awt.X11GraphicsEnvironment"/>
    <property name="os.arch" value="amd64"/>
    <property name="java.io.tmpdir" value="/tmp"/>
    <property name="line.separator" value="
"/>
    <property name="java.vm.specification.vendor" value="Oracle Corporation"/>
    <property name="os.name" value="Linux"/>
    <property name="classworlds.conf" value="/home/pbousquet/Applications/apache-maven-3.8.3/bin/m2.conf"/>
    <property name="sun.jnu.encoding" value="UTF-8"/>
    <property name="sonar.login" value="b4cb1c93049a86b027562f0fe273dd4303d1acb6"/>
    <property name="java.library.path" value="/usr/java/packages/lib:/usr/lib/x86_64-linux-gnu/jni:/lib/x86_64-linux-gnu:/usr/lib/x86_64-linux-gnu:/usr/lib/jni:/lib:/usr/lib"/>
    <property name="maven.conf" value="/home/pbousquet/Applications/apache-maven-3.8.3/conf"/>
    <property name="jdk.debug" value="release"/>
    <property name="java.class.version" value="55.0"/>
    <property name="java.specification.name" value="Java Platform API Specification"/>
    <property name="sun.management.compiler" value="HotSpot 64-Bit Tiered Compilers"/>
    <property name="os.version" value="5.4.0-91-generic"/>
    <property name="library.jansi.path" value="/home/pbousquet/Applications/apache-maven-3.8.3/lib/jansi-native"/>
    <property name="user.home" value="/home/pbousquet"/>
    <property name="user.timezone" value="Europe/Paris"/>
    <property name="java.awt.printerjob" value="sun.print.PSPrinterJob"/>
    <property name="sonar.host.url" value="http://0.0.0.0:9000"/>
    <property name="file.encoding" value="UTF-8"/>
    <property name="java.specification.version" value="11"/>
    <property name="sonar.projectKey" value="connaissance-client"/>
    <property name="user.name" value="pbousquet"/>
    <property name="java.class.path" value="/home/pbousquet/Applications/apache-maven-3.8.3/boot/plexus-classworlds-2.6.0.jar"/>
    <property name="java.vm.specification.version" value="11"/>
    <property name="sun.arch.data.model" value="64"/>
    <property name="sun.java.command" value="org.codehaus.plexus.classworlds.launcher.Launcher clean package sonar:sonar -Dsonar.projectKey=connaissance-client -Dsonar.host.url=http://0.0.0.0:9000 -Dsonar.login=b4cb1c93049a86b027562f0fe273dd4303d1acb6"/>
    <property name="java.home" value="/usr/lib/jvm/java-11-openjdk-amd64"/>
    <property name="user.language" value="en"/>
    <property name="java.specification.vendor" value="Oracle Corporation"/>
    <property name="awt.toolkit" value="sun.awt.X11.XToolkit"/>
    <property name="java.vm.info" value="mixed mode, sharing"/>
    <property name="java.version" value="11.0.13"/>
    <property name="java.vendor" value="Ubuntu"/>
    <property name="maven.home" value="/home/pbousquet/Applications/apache-maven-3.8.3"/>
    <property name="file.separator" value="/"/>
    <property name="java.version.date" value="2021-10-19"/>
    <property name="java.vendor.url.bug" value="https://bugs.launchpad.net/ubuntu/+source/openjdk-lts"/>
    <property name="sun.io.unicode.encoding" value="UnicodeLittle"/>
    <property name="sun.cpu.endian" value="little"/>
    <property name="sun.desktop" value="gnome"/>
    <property name="sun.cpu.isalist" value=""/>
  </properties>
  <testcase classname="com.sqli.workshop.ddd.connaissance.client.domain.service.ConnaissanceClientServiceImplTest" name="given_situation_no_client_save_return_ok" time="0.543"/>
  <testcase classname="com.sqli.workshop.ddd.connaissance.client.domain.service.ConnaissanceClientServiceImplTest" name="given_connaissance_client_null_get_should_return_empty" time="0"/>
  <testcase classname="com.sqli.workshop.ddd.connaissance.client.domain.service.ConnaissanceClientServiceImplTest" name="given_situation_save_return_ok_with_event" time="0.003"/>
  <testcase classname="com.sqli.workshop.ddd.connaissance.client.domain.service.ConnaissanceClientServiceImplTest" name="given_adresse_save_return_ok_no_event" time="0.002"/>
  <testcase classname="com.sqli.workshop.ddd.connaissance.client.domain.service.ConnaissanceClientServiceImplTest" name="given_connaissance_client_not_null_get_should_return_data" time="0.001"/>
  <testcase classname="com.sqli.workshop.ddd.connaissance.client.domain.service.ConnaissanceClientServiceImplTest" name="given_connaissanceclient_findall_return_list" time="0.001"/>
  <testcase classname="com.sqli.workshop.ddd.connaissance.client.domain.service.ConnaissanceClientServiceImplTest" name="given_adresse_save_return_ok_with_event" time="0.002"/>
  <testcase classname="com.sqli.workshop.ddd.connaissance.client.domain.service.ConnaissanceClientServiceImplTest" name="given_connaissance_client_save_return_id" time="2.01"/>
</testsuite>